<?xml version="1.0" encoding="UTF-8"?>
<!-- Generated by org.testng.reporters.JUnitXMLReporter -->
<testsuite ignored="0" hostname="Macs-MBP.fios-router.home" failures="0" tests="3" name="Default test" time="20.669" errors="0" timestamp="2021-03-22T21:22:00 EDT">
  <testcase classname="cubesoftware.LoginTest" name="menuSelection" time="10.485"/>
  <testcase classname="cubesoftware.LoginTest" name="secondMenu" time="6.211"/>
  <testcase classname="cubesoftware.LoginTest" name="verifyTitle" time="3.916"/>
</testsuite> <!-- Default test -->
