<?xml version="1.0" encoding="UTF-8"?>
<testng-results ignored="0" total="3" passed="3" failed="0" skipped="0">
  <reporter-output>
  </reporter-output>
  <suite started-at="2021-03-22T21:21:40 EDT" name="Default suite" finished-at="2021-03-22T21:22:00 EDT" duration-ms="20669">
    <groups>
    </groups>
    <test started-at="2021-03-22T21:21:40 EDT" name="Default test" finished-at="2021-03-22T21:22:00 EDT" duration-ms="20669">
      <class name="cubesoftware.LoginTest">
        <test-method signature="menuSelection()[pri:0, instance:cubesoftware.LoginTest@2ddc8ecb]" started-at="2021-03-22T21:21:40 EDT" name="menuSelection" finished-at="2021-03-22T21:21:50 EDT" duration-ms="10485" status="PASS">
          <reporter-output>
          </reporter-output>
        </test-method> <!-- menuSelection -->
        <test-method signature="secondMenu()[pri:0, instance:cubesoftware.LoginTest@2ddc8ecb]" started-at="2021-03-22T21:21:50 EDT" name="secondMenu" finished-at="2021-03-22T21:21:56 EDT" duration-ms="6211" status="PASS">
          <reporter-output>
          </reporter-output>
        </test-method> <!-- secondMenu -->
        <test-method signature="verifyTitle()[pri:0, instance:cubesoftware.LoginTest@2ddc8ecb]" started-at="2021-03-22T21:21:56 EDT" name="verifyTitle" finished-at="2021-03-22T21:22:00 EDT" duration-ms="3916" status="PASS">
          <reporter-output>
          </reporter-output>
        </test-method> <!-- verifyTitle -->
      </class> <!-- cubesoftware.LoginTest -->
    </test> <!-- Default test -->
  </suite> <!-- Default suite -->
</testng-results>
